This is pdfTeX, Version 3.141592653-2.6-1.40.28 (MiKTeX 25.12) (preloaded format=pdflatex 2026.4.27)  27 APR 2026 22:57
entering extended mode
 restricted \write18 enabled.
 %&-line parsing enabled.
**./main.tex
(main.tex
LaTeX2e <2025-11-01>
L3 programming layer <2025-12-24>

(C:\Users\39583\AppData\Local\Programs\MiKTeX\tex/latex/elsarticle\elsarticle.c
ls
Document Class: elsarticle 2026/01/09, 3.5: Elsevier Ltd
(C:\Users\39583\AppData\Local\Programs\MiKTeX\tex/latex/base\fontenc.sty
Package: fontenc 2025/07/18 v2.1d Standard LaTeX package
)
(C:\Users\39583\AppData\Local\Programs\MiKTeX\tex/latex/l3kernel\expl3.sty
Package: expl3 2025-12-24 L3 programming layer (loader) 

(C:\Users\39583\AppData\Local\Programs\MiKTeX\tex/latex/l3backend\l3backend-pdf
tex.def
File: l3backend-pdftex.def 2025-10-09 L3 backend support: PDF output (pdfTeX)
\l__color_backend_stack_int=\count275
))
(C:\Users\39583\AppData\Local\Programs\MiKTeX\tex/latex/l3packages/xparse\xpars
e.sty
Package: xparse 2025-10-09 L3 Experimental document command parser
)
(C:\Users\39583\AppData\Local\Programs\MiKTeX\tex/latex/etoolbox\etoolbox.sty
Package: etoolbox 2025/10/02 v2.5m e-TeX tools for LaTeX (JAW)
\etb@tempcnta=\count276
)
\@bls=\dimen148

(C:\Users\39583\AppData\Local\Programs\MiKTeX\tex/latex/base\article.cls
Document Class: article 2025/01/22 v1.4n Standard LaTeX document class
(C:\Users\39583\AppData\Local\Programs\MiKTeX\tex/latex/base\size12.clo
File: size12.clo 2025/01/22 v1.4n Standard LaTeX file (size option)
)
\c@part=\count277
\c@section=\count278
\c@subsection=\count279
\c@subsubsection=\count280
\c@paragraph=\count281
\c@subparagraph=\count282
\c@figure=\count283
\c@table=\count284
\abovecaptionskip=\skip49
\belowcaptionskip=\skip50
\bibindent=\dimen149
)
(C:\Users\39583\AppData\Local\Programs\MiKTeX\tex/latex/graphics\graphicx.sty
Package: graphicx 2024/12/31 v1.2e Enhanced LaTeX Graphics (DPC,SPQR)

(C:\Users\39583\AppData\Local\Programs\MiKTeX\tex/latex/graphics\keyval.sty
Package: keyval 2022/05/29 v1.15 key=value parser (DPC)
\KV@toks@=\toks17
)
(C:\Users\39583\AppData\Local\Programs\MiKTeX\tex/latex/graphics\graphics.sty
Package: graphics 2024/08/06 v1.4g Standard LaTeX Graphics (DPC,SPQR)

(C:\Users\39583\AppData\Local\Programs\MiKTeX\tex/latex/graphics\trig.sty
Package: trig 2023/12/02 v1.11 sin cos tan (DPC)
)
(C:\Users\39583\AppData\Local\Programs\MiKTeX\tex/latex/graphics-cfg\graphics.c
fg
File: graphics.cfg 2016/06/04 v1.11 sample graphics configuration
)
Package graphics Info: Driver file: pdftex.def on input line 106.

(C:\Users\39583\AppData\Local\Programs\MiKTeX\tex/latex/graphics-def\pdftex.def
File: pdftex.def 2025/09/29 v1.2d Graphics/color driver for pdftex
))
\Gin@req@height=\dimen150
\Gin@req@width=\dimen151
)
\c@tnote=\count285
\c@fnote=\count286
\c@cnote=\count287
\c@ead=\count288
\c@elsarticle@author=\count289
\@eadauthor=\toks18
\c@affn=\count290
\absbox=\box53
\elsarticlehighlightsbox=\box54
\elsarticlegrabsbox=\box55
\keybox=\box56
\Columnwidth=\dimen152
\space@left=\dimen153
\els@boxa=\box57
\els@boxb=\box58
\leftMargin=\dimen154
\@enLab=\toks19
\@sep=\skip51
\@@sep=\skip52
 (main.spl)
(C:\Users\39583\AppData\Local\Programs\MiKTeX\tex/latex/natbib\natbib.sty
Package: natbib 2010/09/13 8.31b (PWD, AO)
\bibhang=\skip53
\bibsep=\skip54
LaTeX Info: Redefining \cite on input line 694.
\c@NAT@ctr=\count291
)
\splwrite=\write3
\openout3 = `main.spl'.

\appnamewidth=\dimen155
)
(C:\Users\39583\AppData\Local\Programs\MiKTeX\tex/latex/amsmath\amsmath.sty
Package: amsmath 2025/07/09 v2.17z AMS math features
\@mathmargin=\skip55

For additional information on amsmath, use the `?' option.
(C:\Users\39583\AppData\Local\Programs\MiKTeX\tex/latex/amsmath\amstext.sty
Package: amstext 2024/11/17 v2.01 AMS text

(C:\Users\39583\AppData\Local\Programs\MiKTeX\tex/latex/amsmath\amsgen.sty
File: amsgen.sty 1999/11/30 v2.0 generic functions
\@emptytoks=\toks20
\ex@=\dimen156
))
(C:\Users\39583\AppData\Local\Programs\MiKTeX\tex/latex/amsmath\amsbsy.sty
Package: amsbsy 1999/11/29 v1.2d Bold Symbols
\pmbraise@=\dimen157
)
(C:\Users\39583\AppData\Local\Programs\MiKTeX\tex/latex/amsmath\amsopn.sty
Package: amsopn 2022/04/08 v2.04 operator names
)
\inf@bad=\count292
LaTeX Info: Redefining \frac on input line 233.
\uproot@=\count293
\leftroot@=\count294
LaTeX Info: Redefining \overline on input line 398.
LaTeX Info: Redefining \colon on input line 409.
\classnum@=\count295
\DOTSCASE@=\count296
LaTeX Info: Redefining \ldots on input line 495.
LaTeX Info: Redefining \dots on input line 498.
LaTeX Info: Redefining \cdots on input line 619.
\Mathstrutbox@=\box59
\strutbox@=\box60
LaTeX Info: Redefining \big on input line 721.
LaTeX Info: Redefining \Big on input line 722.
LaTeX Info: Redefining \bigg on input line 723.
LaTeX Info: Redefining \Bigg on input line 724.
\big@size=\dimen158
LaTeX Font Info:    Redeclaring font encoding OML on input line 742.
LaTeX Font Info:    Redeclaring font encoding OMS on input line 743.
\macc@depth=\count297
LaTeX Info: Redefining \bmod on input line 904.
LaTeX Info: Redefining \pmod on input line 909.
LaTeX Info: Redefining \smash on input line 939.
LaTeX Info: Redefining \relbar on input line 969.
LaTeX Info: Redefining \Relbar on input line 970.
\c@MaxMatrixCols=\count298
\dotsspace@=\muskip17
\c@parentequation=\count299
\dspbrk@lvl=\count300
\tag@help=\toks21
\row@=\count301
\column@=\count302
\maxfields@=\count303
\andhelp@=\toks22
\eqnshift@=\dimen159
\alignsep@=\dimen160
\tagshift@=\dimen161
\tagwidth@=\dimen162
\totwidth@=\dimen163
\lineht@=\dimen164
\@envbody=\toks23
\multlinegap=\skip56
\multlinetaggap=\skip57
\mathdisplay@stack=\toks24
LaTeX Info: Redefining \[ on input line 2950.
LaTeX Info: Redefining \] on input line 2951.
)
(C:\Users\39583\AppData\Local\Programs\MiKTeX\tex/latex/amsfonts\amssymb.sty
Package: amssymb 2013/01/14 v3.01 AMS font symbols

(C:\Users\39583\AppData\Local\Programs\MiKTeX\tex/latex/amsfonts\amsfonts.sty
Package: amsfonts 2013/01/14 v3.01 Basic AMSFonts support
\symAMSa=\mathgroup4
\symAMSb=\mathgroup5
LaTeX Font Info:    Redeclaring math symbol \hbar on input line 98.
LaTeX Font Info:    Overwriting math alphabet `\mathfrak' in version `bold'
(Font)                  U/euf/m/n --> U/euf/b/n on input line 106.
)) (C:\Users\39583\AppData\Local\Programs\MiKTeX\tex/latex/booktabs\booktabs.st
y
Package: booktabs 2020/01/12 v1.61803398 Publication quality tables
\heavyrulewidth=\dimen165
\lightrulewidth=\dimen166
\cmidrulewidth=\dimen167
\belowrulesep=\dimen168
\belowbottomsep=\dimen169
\aboverulesep=\dimen170
\abovetopsep=\dimen171
\cmidrulesep=\dimen172
\cmidrulekern=\dimen173
\defaultaddspace=\dimen174
\@cmidla=\count304
\@cmidlb=\count305
\@aboverulesep=\dimen175
\@belowrulesep=\dimen176
\@thisruleclass=\count306
\@lastruleclass=\count307
\@thisrulewidth=\dimen177
) (C:\Users\39583\AppData\Local\Programs\MiKTeX\tex/latex/tools\longtable.sty
Package: longtable 2025-10-13 v4.24 Multi-page Table package (DPC)
\LTleft=\skip58
\LTright=\skip59
\LTpre=\skip60
\LTpost=\skip61
\LTchunksize=\count308
\LTcapwidth=\dimen178
\LT@head=\box61
\LT@firsthead=\box62
\LT@foot=\box63
\LT@lastfoot=\box64
\LT@gbox=\box65
\LT@cols=\count309
\LT@rows=\count310
\c@LT@tables=\count311
\c@LT@chunks=\count312
\LT@p@ftn=\toks25
)
(C:\Users\39583\AppData\Local\Programs\MiKTeX\tex/latex/tools\array.sty
Package: array 2025/09/25 v2.6n Tabular extension package (FMi)
\col@sep=\dimen179
\ar@mcellbox=\box66
\extrarowheight=\dimen180
\NC@list=\toks26
\extratabsurround=\skip62
\backup@length=\skip63
\ar@cellbox=\box67
)
(C:\Users\39583\AppData\Local\Programs\MiKTeX\tex/latex/multirow\multirow.sty
Package: multirow 2024/11/12 v2.9 Span multiple rows of a table
\multirow@colwidth=\skip64
\multirow@cntb=\count313
\multirow@dima=\skip65
\bigstrutjot=\dimen181
)
(C:\Users\39583\AppData\Local\Programs\MiKTeX\tex/latex/algorithms\algorithm.st
y
Package: algorithm 2009/08/24 v0.1 Document Style `algorithm' - floating enviro
nment
 (C:\Users\39583\AppData\Local\Programs\MiKTeX\tex/latex/float\float.sty
Package: float 2001/11/08 v1.3d Float enhancements (AL)
\c@float@type=\count314
\float@exts=\toks27
\float@box=\box68
\@float@everytoks=\toks28
\@floatcapt=\box69
)
(C:\Users\39583\AppData\Local\Programs\MiKTeX\tex/latex/base\ifthen.sty
Package: ifthen 2024/03/16 v1.1e Standard LaTeX ifthen package (DPC)
)
\@float@every@algorithm=\toks29
\c@algorithm=\count315
)
(C:\Users\39583\AppData\Local\Programs\MiKTeX\tex/latex/algorithmicx\algpseudoc
ode.sty
Package: algpseudocode 

(C:\Users\39583\AppData\Local\Programs\MiKTeX\tex/latex/algorithmicx\algorithmi
cx.sty
Package: algorithmicx 2005/04/27 v1.2 Algorithmicx

Document Style algorithmicx 1.2 - a greatly improved `algorithmic' style
\c@ALG@line=\count316
\c@ALG@rem=\count317
\c@ALG@nested=\count318
\ALG@tlm=\skip66
\ALG@thistlm=\skip67
\c@ALG@Lnr=\count319
\c@ALG@blocknr=\count320
\c@ALG@storecount=\count321
\c@ALG@tmpcounter=\count322
\ALG@tmplength=\skip68
)
Document Style - pseudocode environments for use with the `algorithmicx' style
) (C:\Users\39583\AppData\Local\Programs\MiKTeX\tex/latex/hyperref\hyperref.sty
Package: hyperref 2025-07-12 v7.01o Hypertext links for LaTeX
(C:\Users\39583\AppData\Local\Programs\MiKTeX\tex/generic/iftex\iftex.sty
Package: iftex 2024/12/12 v1.0g TeX engine tests
)
(C:\Users\39583\AppData\Local\Programs\MiKTeX\tex/latex/kvsetkeys\kvsetkeys.sty
Package: kvsetkeys 2022-10-05 v1.19 Key value parser (HO)
)
(C:\Users\39583\AppData\Local\Programs\MiKTeX\tex/generic/kvdefinekeys\kvdefine
keys.sty
Package: kvdefinekeys 2019-12-19 v1.6 Define keys (HO)
)
(C:\Users\39583\AppData\Local\Programs\MiKTeX\tex/generic/pdfescape\pdfescape.s
ty
Package: pdfescape 2019/12/09 v1.15 Implements pdfTeX's escape features (HO)

(C:\Users\39583\AppData\Local\Programs\MiKTeX\tex/generic/ltxcmds\ltxcmds.sty
Package: ltxcmds 2023-12-04 v1.26 LaTeX kernel commands for general use (HO)
)
(C:\Users\39583\AppData\Local\Programs\MiKTeX\tex/generic/pdftexcmds\pdftexcmds
.sty
Package: pdftexcmds 2020-06-27 v0.33 Utility functions of pdfTeX for LuaTeX (HO
)

(C:\Users\39583\AppData\Local\Programs\MiKTeX\tex/generic/infwarerr\infwarerr.s
ty
Package: infwarerr 2019/12/03 v1.5 Providing info/warning/error messages (HO)
)
Package pdftexcmds Info: \pdf@primitive is available.
Package pdftexcmds Info: \pdf@ifprimitive is available.
Package pdftexcmds Info: \pdfdraftmode found.
))
(C:\Users\39583\AppData\Local\Programs\MiKTeX\tex/latex/hycolor\hycolor.sty
Package: hycolor 2020-01-27 v1.10 Color options for hyperref/bookmark (HO)
)
(C:\Users\39583\AppData\Local\Programs\MiKTeX\tex/latex/hyperref\nameref.sty
Package: nameref 2025-06-21 v2.57 Cross-referencing by name of section

(C:\Users\39583\AppData\Local\Programs\MiKTeX\tex/latex/refcount\refcount.sty
Package: refcount 2019/12/15 v3.6 Data extraction from label references (HO)
)
(C:\Users\39583\AppData\Local\Programs\MiKTeX\tex/generic/gettitlestring\gettit
lestring.sty
Package: gettitlestring 2019/12/15 v1.6 Cleanup title references (HO)

(C:\Users\39583\AppData\Local\Programs\MiKTeX\tex/latex/kvoptions\kvoptions.sty
Package: kvoptions 2022-06-15 v3.15 Key value format for package options (HO)
))
\c@section@level=\count323
)
(C:\Users\39583\AppData\Local\Programs\MiKTeX\tex/generic/stringenc\stringenc.s
ty
Package: stringenc 2019/11/29 v1.12 Convert strings between diff. encodings (HO
)
)
\@linkdim=\dimen182
\Hy@linkcounter=\count324
\Hy@pagecounter=\count325
 (C:\Users\39583\AppData\Local\Programs\MiKTeX\tex/latex/hyperref\pd1enc.def
File: pd1enc.def 2025-07-12 v7.01o Hyperref: PDFDocEncoding definition (HO)
Now handling font encoding PD1 ...
... no UTF-8 mapping file for font encoding PD1
) (C:\Users\39583\AppData\Local\Programs\MiKTeX\tex/generic/intcalc\intcalc.sty
Package: intcalc 2019/12/15 v1.3 Expandable calculations with integers (HO)
)
\Hy@SavedSpaceFactor=\count326
 (C:\Users\39583\AppData\Local\Programs\MiKTeX\tex/latex/hyperref\puenc.def
File: puenc.def 2025-07-12 v7.01o Hyperref: PDF Unicode definition (HO)
Now handling font encoding PU ...
... no UTF-8 mapping file for font encoding PU
)
Package hyperref Info: Hyper figures OFF on input line 4195.
Package hyperref Info: Link nesting OFF on input line 4200.
Package hyperref Info: Hyper index ON on input line 4203.
Package hyperref Info: Plain pages OFF on input line 4210.
Package hyperref Info: Backreferencing OFF on input line 4215.
Package hyperref Info: Implicit mode ON; LaTeX internals redefined.
Package hyperref Info: Bookmarks ON on input line 4462.
\c@Hy@tempcnt=\count327

(C:\Users\39583\AppData\Local\Programs\MiKTeX\tex/latex/url\url.sty
\Urlmuskip=\muskip18
Package: url 2013/09/16  ver 3.4  Verb mode for urls, etc.
)
LaTeX Info: Redefining \url on input line 4801.
\XeTeXLinkMargin=\dimen183

(C:\Users\39583\AppData\Local\Programs\MiKTeX\tex/generic/bitset\bitset.sty
Package: bitset 2019/12/09 v1.3 Handle bit-vector datatype (HO)

(C:\Users\39583\AppData\Local\Programs\MiKTeX\tex/generic/bigintcalc\bigintcalc
.sty
Package: bigintcalc 2019/12/15 v1.5 Expandable calculations on big integers (HO
)
))
\Fld@menulength=\count328
\Field@Width=\dimen184
\Fld@charsize=\dimen185
Package hyperref Info: Hyper figures OFF on input line 6078.
Package hyperref Info: Link nesting OFF on input line 6083.
Package hyperref Info: Hyper index ON on input line 6086.
Package hyperref Info: backreferencing OFF on input line 6093.
Package hyperref Info: Link coloring OFF on input line 6098.
Package hyperref Info: Link coloring with OCG OFF on input line 6103.
Package hyperref Info: PDF/A mode OFF on input line 6108.
\Hy@abspage=\count329
\c@Item=\count330
\c@Hfootnote=\count331
)
Package hyperref Info: Driver (autodetected): hpdftex.

(C:\Users\39583\AppData\Local\Programs\MiKTeX\tex/latex/hyperref\hpdftex.def
File: hpdftex.def 2025-07-12 v7.01o Hyperref driver for pdfTeX
\Fld@listcount=\count332
\c@bookmark@seq@number=\count333

(C:\Users\39583\AppData\Local\Programs\MiKTeX\tex/latex/rerunfilecheck\rerunfil
echeck.sty
Package: rerunfilecheck 2025-06-21 v1.11 Rerun checks for auxiliary files (HO)

(C:\Users\39583\AppData\Local\Programs\MiKTeX\tex/generic/uniquecounter\uniquec
ounter.sty
Package: uniquecounter 2019/12/15 v1.4 Provide unlimited unique counter (HO)
)
Package uniquecounter Info: New unique counter `rerunfilecheck' on input line 2
84.
)
\Hy@SectionHShift=\skip69
)
(C:\Users\39583\AppData\Local\Programs\MiKTeX\tex/latex/xcolor\xcolor.sty
Package: xcolor 2024/09/29 v3.02 LaTeX color extensions (UK)

(C:\Users\39583\AppData\Local\Programs\MiKTeX\tex/latex/graphics-cfg\color.cfg
File: color.cfg 2016/01/02 v1.6 sample color configuration
)
Package xcolor Info: Driver file: pdftex.def on input line 274.
(C:\Users\39583\AppData\Local\Programs\MiKTeX\tex/latex/graphics\mathcolor.ltx)
Package xcolor Info: Model `cmy' substituted by `cmy0' on input line 1349.
Package xcolor Info: Model `hsb' substituted by `rgb' on input line 1353.
Package xcolor Info: Model `RGB' extended on input line 1365.
Package xcolor Info: Model `HTML' substituted by `rgb' on input line 1367.
Package xcolor Info: Model `Hsb' substituted by `hsb' on input line 1368.
Package xcolor Info: Model `tHsb' substituted by `hsb' on input line 1369.
Package xcolor Info: Model `HSB' substituted by `hsb' on input line 1370.
Package xcolor Info: Model `Gray' substituted by `gray' on input line 1371.
Package xcolor Info: Model `wave' substituted by `hsb' on input line 1372.
) (main.aux)
\openout1 = `main.aux'.

LaTeX Font Info:    Checking defaults for OML/cmm/m/it on input line 21.
LaTeX Font Info:    ... okay on input line 21.
LaTeX Font Info:    Checking defaults for OMS/cmsy/m/n on input line 21.
LaTeX Font Info:    ... okay on input line 21.
LaTeX Font Info:    Checking defaults for OT1/cmr/m/n on input line 21.
LaTeX Font Info:    ... okay on input line 21.
LaTeX Font Info:    Checking defaults for T1/cmr/m/n on input line 21.
LaTeX Font Info:    ... okay on input line 21.
LaTeX Font Info:    Checking defaults for TS1/cmr/m/n on input line 21.
LaTeX Font Info:    ... okay on input line 21.
LaTeX Font Info:    Checking defaults for OMX/cmex/m/n on input line 21.
LaTeX Font Info:    ... okay on input line 21.
LaTeX Font Info:    Checking defaults for U/cmr/m/n on input line 21.
LaTeX Font Info:    ... okay on input line 21.
LaTeX Font Info:    Checking defaults for PD1/pdf/m/n on input line 21.
LaTeX Font Info:    ... okay on input line 21.
LaTeX Font Info:    Checking defaults for PU/pdf/m/n on input line 21.
LaTeX Font Info:    ... okay on input line 21.

(C:\Users\39583\AppData\Local\Programs\MiKTeX\tex/context/base/mkii\supp-pdf.mk
ii
[Loading MPS to PDF converter (version 2006.09.02).]
\scratchcounter=\count334
\scratchdimen=\dimen186
\scratchbox=\box70
\nofMPsegments=\count335
\nofMParguments=\count336
\everyMPshowfont=\toks30
\MPscratchCnt=\count337
\MPscratchDim=\dimen187
\MPnumerator=\count338
\makeMPintoPDFobject=\count339
\everyMPtoPDFconversion=\toks31
)
(C:\Users\39583\AppData\Local\Programs\MiKTeX\tex/latex/epstopdf-pkg\epstopdf-b
ase.sty
Package: epstopdf-base 2020-01-24 v2.11 Base part for package epstopdf
Package epstopdf-base Info: Redefining graphics rule for `.eps' on input line 4
85.

(C:\Users\39583\AppData\Local\Programs\MiKTeX\tex/latex/00miktex\epstopdf-sys.c
fg
File: epstopdf-sys.cfg 2021/03/18 v2.0 Configuration of epstopdf for MiKTeX
))
Package hyperref Info: Link coloring OFF on input line 21.
 (main.out) (main.out)
\@outlinefile=\write4
\openout4 = `main.out'.

 (sections/abstract.tex
LaTeX Font Info:    Trying to load font information for U+msa on input line 8.

(C:\Users\39583\AppData\Local\Programs\MiKTeX\tex/latex/amsfonts\umsa.fd
File: umsa.fd 2013/01/14 v3.01 AMS symbols A
)
LaTeX Font Info:    Trying to load font information for U+msb on input line 8.

(C:\Users\39583\AppData\Local\Programs\MiKTeX\tex/latex/amsfonts\umsb.fd
File: umsb.fd 2013/01/14 v3.01 AMS symbols B
)
Overfull \hbox (1.54546pt too wide) in paragraph at lines 1--32
\T1/cmr/m/n/12 son). Un-der the un-con-strained com-par-i-son (FullModel 20.8% 
vs. DoorToDoor
 []

)

Package hyperref Warning: Token not allowed in a PDF string (Unicode):
(hyperref)                removing `\<def>-command' on input line 34.


Package hyperref Warning: Token not allowed in a PDF string (Unicode):
(hyperref)                removing `\cnotenum' on input line 34.


Package hyperref Warning: Token not allowed in a PDF string (Unicode):
(hyperref)                removing `\<def>-command' on input line 34.


Package hyperref Warning: Token not allowed in a PDF string (Unicode):
(hyperref)                removing `\@corref' on input line 34.

[1


{C:/Users/39583/AppData/Local/MiKTeX/fonts/map/pdftex/pdftex.map}]
(sections/intro.tex [2] [3] [4]
Overfull \hbox (48.64731pt too wide) in paragraph at lines 83--87
\T1/cmr/m/n/12 ve-hi-cle util-i-sa-tion at equal served share (FullModel 11.1 v
s. DoorToDoor(capped)
 []

) (sections/literature.tex [5] [6] [7] [8] [9]
Overfull \hbox (2.51518pt too wide) in paragraph at lines 43--44
[]\T1/cmr/m/n/12 Rolling hori-zon (re-ced-ing hori-zon) meth-ods de-com-pose th
e infinite-horizon
 []


Overfull \hbox (1.28377pt too wide) in paragraph at lines 45--46
[]\T1/cmr/m/n/12 The Adap-tive Large Neigh-bour-hood Search (ALNS) of Ropke and
 Pisinger
 []

[10]
Overfull \hbox (134.18233pt too wide) in paragraph at lines 57--66
 [][] 
 []


LaTeX Warning: `h' float specifier changed to `ht'.

) (sections/model.tex [11] [12] [13] [14]

LaTeX Warning: `h' float specifier changed to `ht'.

[15] [16] [17]
Overfull \hbox (169.64456pt too wide) in paragraph at lines 250--259
 [][] 
 []


LaTeX Warning: `h' float specifier changed to `ht'.

[18] [19]
<../figures/fig01_system_overview.pdf, id=424, 258.48569pt x 258.48569pt>
File: ../figures/fig01_system_overview.pdf Graphic file (type pdf)
<use ../figures/fig01_system_overview.pdf>
Package pdftex.def Info: ../figures/fig01_system_overview.pdf  used on input li
ne 335.
(pdftex.def)             Requested size: 390.0pt x 390.02307pt.
 [20]

LaTeX Warning: `h' float specifier changed to `ht'.

<../figures/fig02_three_layer.pdf, id=438, 256.05046pt x 321.36061pt>
File: ../figures/fig02_three_layer.pdf Graphic file (type pdf)
<use ../figures/fig02_three_layer.pdf>
Package pdftex.def Info: ../figures/fig02_three_layer.pdf  used on input line 3
48.
(pdftex.def)             Requested size: 390.0pt x 489.50784pt.

LaTeX Warning: `h' float specifier changed to `ht'.


Overfull \hbox (11.31148pt too wide) in paragraph at lines 368--371
[]\T1/cmr/bx/n/12 Bundle se-lec-tion: \T1/cmr/m/n/12 Se-lect the bun-dle $\OML/
cmm/m/it/12 b[] \OT1/cmr/m/n/12 = [] [][] \U/msb/m/n/12 E\OT1/cmr/m/n/12 [[] \O
MS/cmsy/m/n/12 j
 []

[21]
Overfull \hbox (8.36946pt too wide) in paragraph at lines 403--406
[]\T1/cmr/bx/n/12 Re-optimization: \T1/cmr/m/n/12 Ap-ply ALNS (Adap-tive Large 
Neigh-bor-hood Search)
 []

[22]
Overfull \hbox (128.28267pt too wide) in paragraph at lines 430--439
 [][] 
 []


Underfull \hbox (badness 10000) in paragraph at lines 458--458
[]|\T1/cmr/m/n/10 Bundle $\OML/cmm/m/it/10 b[]$ \T1/cmr/m/n/10 pre-
 []


Underfull \hbox (badness 1184) in paragraph at lines 461--461
[]|$\OML/cmm/m/it/10 b[]$ \T1/cmr/m/n/10 in; ac-cep-tance $\OML/cmm/m/it/10 z[]
$
 []


Underfull \hbox (badness 3884) in paragraph at lines 468--468
[]|\T1/cmr/m/n/10 Re-opt trig-ger at
 []


Underfull \hbox (badness 10000) in paragraph at lines 471--471
[]|$\OMS/cmsy/m/n/10 R[]$ \T1/cmr/m/n/10 in; op-ti-mised
 []


Underfull \hbox (badness 1577) in paragraph at lines 473--473
\T1/cmr/m/n/10 back for next re-
 []


Underfull \hbox (badness 3954) in paragraph at lines 476--476
[]|\T1/cmr/m/n/10 Updated $\OMS/cmsy/m/n/10 f\OML/cmm/m/it/10 ^^[[]\OMS/cmsy/m/
n/10 g$ \T1/cmr/m/n/10 avail-
 []


Overfull \hbox (70.60875pt too wide) in paragraph at lines 449--480
 [][] 
 []


LaTeX Warning: `h' float specifier changed to `ht'.

) (sections/algorithm.tex [23] [24] [25]
<../figures/fig03_algorithm.pdf, id=502, 258.48569pt x 463.7325pt>
File: ../figures/fig03_algorithm.pdf Graphic file (type pdf)
<use ../figures/fig03_algorithm.pdf>
Package pdftex.def Info: ../figures/fig03_algorithm.pdf  used on input line 68.

(pdftex.def)             Requested size: 390.0pt x 699.71524pt.


LaTeX Warning: Float too large for page by 181.15921pt on input line 71.


LaTeX Warning: `h' float specifier changed to `ht'.


Overfull \hbox (28.1113pt too wide) in paragraph at lines 97--101
\T1/cmr/m/n/12 lects $\OML/cmm/m/it/12 b[] \OT1/cmr/m/n/12 = [] [][] \U/msb/m/n
/12 E\OT1/cmr/m/n/12 [^^A\OML/cmm/m/it/12 C \OMS/cmsy/m/n/12 j \OML/cmm/m/it/12
 b; \OT1/cmr/bx/n/12 x[]\OT1/cmr/m/n/12 ]$ \T1/cmr/m/n/12 and \T1/cmr/m/it/12 t
hen \T1/cmr/m/n/12 sam-ples $\OML/cmm/m/it/12 z[] \OMS/cmsy/m/n/12 ^^X []\OT1/c
mr/m/n/12 (\OML/cmm/m/it/12 P[]\OT1/cmr/m/n/12 (\OML/cmm/m/it/12 b[]\OT1/cmr/m/
n/12 ))$\T1/cmr/m/n/12 .
 []

[26] [27]
Overfull \hbox (11.1373pt too wide) in paragraph at lines 149--152
[]\T1/cmr/bx/n/12 Pickup/dropoff pair swap: \T1/cmr/m/n/12 Ex-change the meet-i
ng point pair $\OT1/cmr/m/n/12 (\OML/cmm/m/it/12 m[]; m[]\OT1/cmr/m/n/12 )$
 []

[28]
Package hyperref Info: bookmark level for unknown algorithm defaults to 0 on in
put line 196.


LaTeX Warning: Float too large for page by 116.09476pt on input line 238.


LaTeX Warning: `h' float specifier changed to `ht'.

[29]) (sections/experiments.tex [30] [31]
Overfull \hbox (4.18292pt too wide) in paragraph at lines 47--49
[]\T1/cmr/bx/n/12 AblationNoChoice\T1/cmr/m/n/12 : bidi-rec-tional meet-ing poi
nts with the MNL choice
 []


Overfull \hbox (252.47847pt too wide) in paragraph at lines 75--87
 [][] 
 []


LaTeX Warning: `h' float specifier changed to `ht'.

[32]
Overfull \hbox (6.34235pt too wide) in paragraph at lines 105--113
 [][] 
 []

<../figures/fig04_baseline_comparison.pdf, id=582, 510.29918pt x 232.98718pt>
File: ../figures/fig04_baseline_comparison.pdf Graphic file (type pdf)
<use ../figures/fig04_baseline_comparison.pdf>
Package pdftex.def Info: ../figures/fig04_baseline_comparison.pdf  used on inpu
t line 124.
(pdftex.def)             Requested size: 390.0pt x 178.0675pt.

LaTeX Warning: `h' float specifier changed to `ht'.

[33]
Overfull \hbox (26.4885pt too wide) in paragraph at lines 147--156
[]\T1/cmr/m/n/12 For ref-er-ence, the un-con-strained com-par-i-son (FullModel 
20.8% vs. DoorToDoor
 []


LaTeX Warning: `h' float specifier changed to `ht'.

[34]
Overfull \hbox (11.79575pt too wide) in paragraph at lines 183--189
\T1/cmr/m/n/12 FullModel) and the de-tour ra-tio reaches 6.82. With-out pe-ri-o
dic re-optimization,
 []


Overfull \hbox (5.27708pt too wide) in paragraph at lines 191--197
 []\T1/cmr/m/it/12 Single-sided vs. bidi-rec-tional..[] \T1/cmr/m/n/12 Sin-gleS
id-ed-Pickup re-duces vehicle-km by 53.9%
 []

<../figures/fig05_sensitivity.pdf, id=598, 516.12134pt x 217.28929pt>
File: ../figures/fig05_sensitivity.pdf Graphic file (type pdf)
<use ../figures/fig05_sensitivity.pdf>
Package pdftex.def Info: ../figures/fig05_sensitivity.pdf  used on input line 2
04.
(pdftex.def)             Requested size: 390.0pt x 164.19995pt.

LaTeX Warning: `h' float specifier changed to `ht'.

[35] [36]
Overfull \hbox (28.36905pt too wide) in paragraph at lines 281--289
\T1/cmr/m/n/12 ment from cov-er-age ef-fects, we sweep the re-jec-tion penalty 
$\OT1/cmr/m/n/12 ^^@ \OMS/cmsy/m/n/12 2 f\OT1/cmr/m/n/12 0\OML/cmm/m/it/12 ; \O
T1/cmr/m/n/12 5\OML/cmm/m/it/12 ; \OT1/cmr/m/n/12 10\OML/cmm/m/it/12 ; \OT1/cmr
/m/n/12 20\OML/cmm/m/it/12 ; \OT1/cmr/m/n/12 50\OML/cmm/m/it/12 ; \OT1/cmr/m/n/
12 100\OMS/cmsy/m/n/12 g$
 []

[37]
<../figures/fig07_pareto.pdf, id=623, 260.89307pt x 841.40912pt>
File: ../figures/fig07_pareto.pdf Graphic file (type pdf)
<use ../figures/fig07_pareto.pdf>
Package pdftex.def Info: ../figures/fig07_pareto.pdf  used on input line 313.
(pdftex.def)             Requested size: 234.00238pt x 754.6806pt.


LaTeX Warning: Float too large for page by 308.12457pt on input line 321.


LaTeX Warning: `h' float specifier changed to `ht'.

[38]
Overfull \hbox (146.5651pt too wide) in paragraph at lines 359--369
 [][] 
 []


LaTeX Warning: `h' float specifier changed to `ht'.

) (sections/policy.tex [39]

Package hyperref Warning: Token not allowed in a PDF string (Unicode):
(hyperref)                removing `\leavevmode@ifvmode' on input line 16.


Package hyperref Warning: Token not allowed in a PDF string (Unicode):
(hyperref)                \kern 1.95827pt
(hyperref)                removed on input line 16.

[40] [41]
Overfull \hbox (1.68362pt too wide) in paragraph at lines 74--84
 []\T1/cmr/m/it/12 Policy im-pli-ca-tion..[] \T1/cmr/m/n/12 Chi-nese city DRT o
p-er-a-tors plan-ning new ser-vices should
 []

[42]
Overfull \hbox (5.31462pt too wide) in paragraph at lines 86--99
 []\T1/cmr/m/it/12 Generalizability caveat..[] \T1/cmr/m/n/12 The 15-vehicles-p
er-100-requests ra-tio is de-rived from
 []

[43]
Overfull \hbox (0.10057pt too wide) in paragraph at lines 131--137
 []\T1/cmr/m/it/12 Evidence..[] \T1/cmr/m/n/12 The stan-dard sce-nario (200 re-
quests, 15 ve-hi-cles) shows FullModel
 []

[44]
<../figures/fig06_policy_map.pdf, id=677, 258.89973pt x 259.16103pt>
File: ../figures/fig06_policy_map.pdf Graphic file (type pdf)
<use ../figures/fig06_policy_map.pdf>
Package pdftex.def Info: ../figures/fig06_policy_map.pdf  used on input line 15
8.
(pdftex.def)             Requested size: 390.0pt x 390.42912pt.


LaTeX Warning: `h' float specifier changed to `ht'.


Overfull \hbox (23.67412pt too wide) in paragraph at lines 168--175
\T1/cmr/m/n/12 vs. 628.5vkm). More crit-i-cally, av-er-age wait-ing time rises 
from 450.3s (FullModel)
 []

[45]
Overfull \hbox (49.13638pt too wide) in paragraph at lines 228--241
 [][] 
 []


LaTeX Warning: `h' float specifier changed to `ht'.


Overfull \hbox (0.56342pt too wide) in paragraph at lines 244--254
 []\T1/cmr/m/it/12 Interpretation..[] \T1/cmr/m/n/12 The walk-sensitive type's 
im-plied wait VOT (0.80CNY/min)
 []

[46] [47]) (sections/conclusion.tex
Overfull \hbox (9.64249pt too wide) in paragraph at lines 4--22
\T1/cmr/m/n/12 share). Un-der the un-con-strained com-par-i-son, FullModel achi
eves 15.1vkm/trip
 []

[48] [49]) [50] (main.bbl [51] [52])

LaTeX Warning: Float too large for page by 69.95093pt on input line 88.


LaTeX Warning: `h' float specifier changed to `ht'.

[53] [54 <../figures/fig01_system_overview.pdf>] [55 <../figures/fig02_three_la
yer.pdf>] [56 <../figures/fig03_algorithm.pdf>] [57] [58 <../figures/fig04_base
line_comparison.pdf> <../figures/fig05_sensitivity.pdf>] [59 <../figures/fig07_
pareto.pdf>] [60 <../figures/fig06_policy_map.pdf>] [61] (main.aux)
 ***********
LaTeX2e <2025-11-01>
L3 programming layer <2025-12-24>
 ***********
Package rerunfilecheck Info: File `main.out' has not changed.
(rerunfilecheck)             Checksum: B5C529B67FBC1FAC94B7B15E88F3F593;10163.
 ) 
Here is how much of TeX's memory you used:
 12746 strings out of 467871
 194891 string characters out of 5418376
 620199 words of memory out of 5000000
 41159 multiletter control sequences out of 15000+600000
 647564 words of font info for 89 fonts, out of 8000000 for 9000
 1141 hyphenation exceptions out of 8191
 75i,15n,79p,945b,641s stack positions out of 10000i,1000n,20000p,200000b,200000s
 <C:\Users\39583\AppData\Local\MiKTeX\fonts/pk/ljfour/jknappen/ec/dpi600\eccc
1200.pk> <C:\Users\39583\AppData\Local\MiKTeX\fonts/pk/ljfour/jknappen/ec/dpi60
0\ectt1200.pk> <C:\Users\39583\AppData\Local\MiKTeX\fonts/pk/ljfour/jknappen/ec
/dpi600\ecbx1000.pk> <C:\Users\39583\AppData\Local\MiKTeX\fonts/pk/ljfour/jknap
pen/ec/dpi600\ecrm0700.pk> <C:\Users\39583\AppData\Local\MiKTeX\fonts/pk/ljfour
/jknappen/ec/dpi600\tcrm1200.pk> <C:\Users\39583\AppData\Local\MiKTeX\fonts/pk/
ljfour/jknappen/ec/dpi600\ecti1200.pk> <C:\Users\39583\AppData\Local\MiKTeX\fon
ts/pk/ljfour/jknappen/ec/dpi600\ecrm1000.pk> <C:\Users\39583\AppData\Local\MiKT
eX\fonts/pk/ljfour/jknappen/ec/dpi600\ecbx1200.pk> <C:\Users\39583\AppData\Loca
l\MiKTeX\fonts/pk/ljfour/jknappen/ec/dpi600\ecti1000.pk> <C:\Users\39583\AppDat
a\Local\MiKTeX\fonts/pk/ljfour/jknappen/ec/dpi600\ecti0700.pk> <C:\Users\39583\
AppData\Local\MiKTeX\fonts/pk/ljfour/jknappen/ec/dpi600\ecrm0800.pk> <C:\Users\
39583\AppData\Local\MiKTeX\fonts/pk/ljfour/jknappen/ec/dpi600\ecrm1200.pk> <C:\
Users\39583\AppData\Local\MiKTeX\fonts/pk/ljfour/jknappen/ec/dpi600\ecrm1728.pk
><C:/Users/39583/AppData/Local/Programs/MiKTeX/fonts/type1/public/amsfonts/cm/c
mbx12.pfb><C:/Users/39583/AppData/Local/Programs/MiKTeX/fonts/type1/public/amsf
onts/cm/cmex10.pfb><C:/Users/39583/AppData/Local/Programs/MiKTeX/fonts/type1/pu
blic/amsfonts/cm/cmmi10.pfb><C:/Users/39583/AppData/Local/Programs/MiKTeX/fonts
/type1/public/amsfonts/cm/cmmi12.pfb><C:/Users/39583/AppData/Local/Programs/MiK
TeX/fonts/type1/public/amsfonts/cm/cmmi5.pfb><C:/Users/39583/AppData/Local/Prog
rams/MiKTeX/fonts/type1/public/amsfonts/cm/cmmi6.pfb><C:/Users/39583/AppData/Lo
cal/Programs/MiKTeX/fonts/type1/public/amsfonts/cm/cmmi7.pfb><C:/Users/39583/Ap
pData/Local/Programs/MiKTeX/fonts/type1/public/amsfonts/cm/cmmi8.pfb><C:/Users/
39583/AppData/Local/Programs/MiKTeX/fonts/type1/public/amsfonts/cm/cmr10.pfb><C
:/Users/39583/AppData/Local/Programs/MiKTeX/fonts/type1/public/amsfonts/cm/cmr1
2.pfb><C:/Users/39583/AppData/Local/Programs/MiKTeX/fonts/type1/public/amsfonts
/cm/cmr7.pfb><C:/Users/39583/AppData/Local/Programs/MiKTeX/fonts/type1/public/a
msfonts/cm/cmr8.pfb><C:/Users/39583/AppData/Local/Programs/MiKTeX/fonts/type1/p
ublic/amsfonts/cm/cmsy10.pfb><C:/Users/39583/AppData/Local/Programs/MiKTeX/font
s/type1/public/amsfonts/cm/cmsy6.pfb><C:/Users/39583/AppData/Local/Programs/MiK
TeX/fonts/type1/public/amsfonts/cm/cmsy7.pfb><C:/Users/39583/AppData/Local/Prog
rams/MiKTeX/fonts/type1/public/amsfonts/cm/cmsy8.pfb><C:/Users/39583/AppData/Lo
cal/Programs/MiKTeX/fonts/type1/public/amsfonts/symbols/msbm10.pfb>
Output written on main.pdf (61 pages, 720571 bytes).
PDF statistics:
 1858 PDF objects out of 2073 (max. 8388607)
 261 named destinations out of 1000 (max. 500000)
 412 words of extra memory for PDF output out of 10000 (max. 10000000)

